[0.199s] Invoking command in '/home/student/Level2_Ros_AR-Minor/src/Level2_Ros': PYTHONPATH=/home/student/Level2_Ros_AR-Minor/install/Level2_Ros/lib/python3.8/site-packages:${PYTHONPATH} /usr/bin/python3 setup.py egg_info --egg-base ../../build/Level2_Ros build --build-base /home/student/Level2_Ros_AR-Minor/build/Level2_Ros/build install --prefix /home/student/Level2_Ros_AR-Minor/install/Level2_Ros --record /home/student/Level2_Ros_AR-Minor/build/Level2_Ros/install.log --single-version-externally-managed
[0.373s] running egg_info
[0.374s] creating ../../build/Level2_Ros/Level2_Ros.egg-info
[0.374s] writing ../../build/Level2_Ros/Level2_Ros.egg-info/PKG-INFO
[0.374s] writing dependency_links to ../../build/Level2_Ros/Level2_Ros.egg-info/dependency_links.txt
[0.374s] writing entry points to ../../build/Level2_Ros/Level2_Ros.egg-info/entry_points.txt
[0.374s] writing requirements to ../../build/Level2_Ros/Level2_Ros.egg-info/requires.txt
[0.374s] writing top-level names to ../../build/Level2_Ros/Level2_Ros.egg-info/top_level.txt
[0.377s] writing manifest file '../../build/Level2_Ros/Level2_Ros.egg-info/SOURCES.txt'
[0.408s] reading manifest file '../../build/Level2_Ros/Level2_Ros.egg-info/SOURCES.txt'
[0.409s] writing manifest file '../../build/Level2_Ros/Level2_Ros.egg-info/SOURCES.txt'
[0.409s] running build
[0.409s] running build_py
[0.409s] creating /home/student/Level2_Ros_AR-Minor/build/Level2_Ros/build
[0.409s] creating /home/student/Level2_Ros_AR-Minor/build/Level2_Ros/build/lib
[0.409s] creating /home/student/Level2_Ros_AR-Minor/build/Level2_Ros/build/lib/Level2_Ros
[0.409s] copying Level2_Ros/__init__.py -> /home/student/Level2_Ros_AR-Minor/build/Level2_Ros/build/lib/Level2_Ros
[0.409s] running install
[0.410s] running install_lib
[0.412s] creating /home/student/Level2_Ros_AR-Minor/install/Level2_Ros/lib/python3.8/site-packages/Level2_Ros
[0.412s] copying /home/student/Level2_Ros_AR-Minor/build/Level2_Ros/build/lib/Level2_Ros/__init__.py -> /home/student/Level2_Ros_AR-Minor/install/Level2_Ros/lib/python3.8/site-packages/Level2_Ros
[0.412s] byte-compiling /home/student/Level2_Ros_AR-Minor/install/Level2_Ros/lib/python3.8/site-packages/Level2_Ros/__init__.py to __init__.cpython-38.pyc
[0.413s] running install_data
[0.414s] creating /home/student/Level2_Ros_AR-Minor/install/Level2_Ros/share/ament_index
[0.414s] creating /home/student/Level2_Ros_AR-Minor/install/Level2_Ros/share/ament_index/resource_index
[0.414s] creating /home/student/Level2_Ros_AR-Minor/install/Level2_Ros/share/ament_index/resource_index/packages
[0.414s] copying resource/Level2_Ros -> /home/student/Level2_Ros_AR-Minor/install/Level2_Ros/share/ament_index/resource_index/packages
[0.414s] copying package.xml -> /home/student/Level2_Ros_AR-Minor/install/Level2_Ros/share/Level2_Ros
[0.414s] running install_egg_info
[0.416s] Copying ../../build/Level2_Ros/Level2_Ros.egg-info to /home/student/Level2_Ros_AR-Minor/install/Level2_Ros/lib/python3.8/site-packages/Level2_Ros-0.0.0-py3.8.egg-info
[0.417s] running install_scripts
[0.434s] writing list of installed files to '/home/student/Level2_Ros_AR-Minor/build/Level2_Ros/install.log'
[0.450s] Invoked command in '/home/student/Level2_Ros_AR-Minor/src/Level2_Ros' returned '0': PYTHONPATH=/home/student/Level2_Ros_AR-Minor/install/Level2_Ros/lib/python3.8/site-packages:${PYTHONPATH} /usr/bin/python3 setup.py egg_info --egg-base ../../build/Level2_Ros build --build-base /home/student/Level2_Ros_AR-Minor/build/Level2_Ros/build install --prefix /home/student/Level2_Ros_AR-Minor/install/Level2_Ros --record /home/student/Level2_Ros_AR-Minor/build/Level2_Ros/install.log --single-version-externally-managed
