running egg_info
writing ../../build/Level2_Ros/Level2_Ros.egg-info/PKG-INFO
writing dependency_links to ../../build/Level2_Ros/Level2_Ros.egg-info/dependency_links.txt
writing entry points to ../../build/Level2_Ros/Level2_Ros.egg-info/entry_points.txt
writing requirements to ../../build/Level2_Ros/Level2_Ros.egg-info/requires.txt
writing top-level names to ../../build/Level2_Ros/Level2_Ros.egg-info/top_level.txt
reading manifest file '../../build/Level2_Ros/Level2_Ros.egg-info/SOURCES.txt'
writing manifest file '../../build/Level2_Ros/Level2_Ros.egg-info/SOURCES.txt'
running build
running build_py
copying Level2_Ros/Level2_Ros.py -> /home/student/Level2_Ros_AR-Minor/build/Level2_Ros/build/lib/Level2_Ros
running install
running install_lib
copying /home/student/Level2_Ros_AR-Minor/build/Level2_Ros/build/lib/Level2_Ros/Level2_Ros.py -> /home/student/Level2_Ros_AR-Minor/install/Level2_Ros/lib/python3.8/site-packages/Level2_Ros
byte-compiling /home/student/Level2_Ros_AR-Minor/install/Level2_Ros/lib/python3.8/site-packages/Level2_Ros/Level2_Ros.py to Level2_Ros.cpython-38.pyc
running install_data
running install_egg_info
removing '/home/student/Level2_Ros_AR-Minor/install/Level2_Ros/lib/python3.8/site-packages/Level2_Ros-0.0.0-py3.8.egg-info' (and everything under it)
Copying ../../build/Level2_Ros/Level2_Ros.egg-info to /home/student/Level2_Ros_AR-Minor/install/Level2_Ros/lib/python3.8/site-packages/Level2_Ros-0.0.0-py3.8.egg-info
running install_scripts
writing list of installed files to '/home/student/Level2_Ros_AR-Minor/build/Level2_Ros/install.log'
